0 info it worked if it ends with ok
1 verbose cli [ '/Users/alexbeals/.nvm/versions/node/v6.5.0/bin/node',
1 verbose cli   '/Users/alexbeals/.nvm/versions/node/v6.5.0/bin/npm',
1 verbose cli   'run',
1 verbose cli   'dev' ]
2 info using npm@3.10.3
3 info using node@v6.5.0
4 verbose run-script [ 'predev', 'dev', 'postdev' ]
5 info lifecycle slidetag@1.0.0~predev: slidetag@1.0.0
6 silly lifecycle slidetag@1.0.0~predev: no script for predev, continuing
7 info lifecycle slidetag@1.0.0~dev: slidetag@1.0.0
8 verbose lifecycle slidetag@1.0.0~dev: unsafe-perm in lifecycle true
9 verbose lifecycle slidetag@1.0.0~dev: PATH: /Users/alexbeals/.nvm/versions/node/v6.5.0/lib/node_modules/npm/bin/node-gyp-bin:/Volumes/Extension/Git/slidetag/backend/node_modules/.bin:/Users/alexbeals/.nvm/versions/node/v6.5.0/bin:/Users/alexbeals/.nvm/versions/node/v6.5.0/bin:/usr/local/bin:/usr/bin:/bin:/usr/sbin:/sbin:/Library/TeX/texbin:/Library/Frameworks/Mono.framework/Versions/Current/bin
10 verbose lifecycle slidetag@1.0.0~dev: CWD: /Volumes/Extension/Git/slidetag/backend
11 silly lifecycle slidetag@1.0.0~dev: Args: [ '-c', 'node index.js' ]
12 silly lifecycle slidetag@1.0.0~dev: Returned: code: 1  signal: null
13 info lifecycle slidetag@1.0.0~dev: Failed to exec dev script
14 verbose stack Error: slidetag@1.0.0 dev: `node index.js`
14 verbose stack Exit status 1
14 verbose stack     at EventEmitter.<anonymous> (/Users/alexbeals/.nvm/versions/node/v6.5.0/lib/node_modules/npm/lib/utils/lifecycle.js:242:16)
14 verbose stack     at emitTwo (events.js:106:13)
14 verbose stack     at EventEmitter.emit (events.js:191:7)
14 verbose stack     at ChildProcess.<anonymous> (/Users/alexbeals/.nvm/versions/node/v6.5.0/lib/node_modules/npm/lib/utils/spawn.js:40:14)
14 verbose stack     at emitTwo (events.js:106:13)
14 verbose stack     at ChildProcess.emit (events.js:191:7)
14 verbose stack     at maybeClose (internal/child_process.js:877:16)
14 verbose stack     at Process.ChildProcess._handle.onexit (internal/child_process.js:226:5)
15 verbose pkgid slidetag@1.0.0
16 verbose cwd /Volumes/Extension/Git/slidetag/backend
17 error Darwin 17.4.0
18 error argv "/Users/alexbeals/.nvm/versions/node/v6.5.0/bin/node" "/Users/alexbeals/.nvm/versions/node/v6.5.0/bin/npm" "run" "dev"
19 error node v6.5.0
20 error npm  v3.10.3
21 error code ELIFECYCLE
22 error slidetag@1.0.0 dev: `node index.js`
22 error Exit status 1
23 error Failed at the slidetag@1.0.0 dev script 'node index.js'.
23 error Make sure you have the latest version of node.js and npm installed.
23 error If you do, this is most likely a problem with the slidetag package,
23 error not with npm itself.
23 error Tell the author that this fails on your system:
23 error     node index.js
23 error You can get information on how to open an issue for this project with:
23 error     npm bugs slidetag
23 error Or if that isn't available, you can get their info via:
23 error     npm owner ls slidetag
23 error There is likely additional logging output above.
24 verbose exit [ 1, true ]
